<?xml version="1.0" encoding="UTF-8"?>
<!-- Generated by org.testng.reporters.JUnitReportReporter -->
<testsuite hostname="LAPTOP-63CFB551" failures="0" tests="2" name="com.kpi.testcases.RegistrationPageTest" time="0.623" errors="0" timestamp="2025-01-24T02:28:26 IST" skipped="0">
  <testcase classname="com.kpi.testcases.RegistrationPageTest" name="registrationPageLanding" time="0.379"/>
  <testcase classname="com.kpi.testcases.RegistrationPageTest" name="AddRegistrationWithoutData" time="0.244"/>
</testsuite> <!-- com.kpi.testcases.RegistrationPageTest -->
