<?xml version="1.0" encoding="UTF-8"?>
<!-- Generated by org.testng.reporters.JUnitReportReporter -->
<testsuite hostname="MacBookAir.lan" failures="0" tests="4" name="com.kpi.testcases.RegistrationPageTest" time="0.877" errors="0" timestamp="2025-02-26T05:08:05 IST" skipped="0">
  <testcase classname="com.kpi.testcases.RegistrationPageTest" name="registrationPageLanding" time="0.121"/>
  <testcase classname="com.kpi.testcases.RegistrationPageTest" name="lableRegistrationPagefield" time="0.368"/>
  <testcase classname="com.kpi.testcases.RegistrationPageTest" name="addRegistrationWithoutData" time="0.274"/>
  <testcase classname="com.kpi.testcases.RegistrationPageTest" name="addBlankSpaceRegField" time="0.114"/>
</testsuite> <!-- com.kpi.testcases.RegistrationPageTest -->
