<?xml version="1.0" encoding="UTF-8"?>
<!-- Generated by org.testng.reporters.JUnitReportReporter -->
<testsuite hostname="LAPTOP-63CFB551" failures="0" tests="1" name="com.kpi.testcases.LoginPageTest" time="0.023" errors="0" timestamp="2025-01-24T01:39:03 IST" skipped="0">
  <testcase classname="com.kpi.testcases.LoginPageTest" name="registrationPageLanding" time="0.023"/>
</testsuite> <!-- com.kpi.testcases.LoginPageTest -->
