<?xml version="1.0" encoding="UTF-8"?>
<!-- Generated by org.testng.reporters.JUnitReportReporter -->
<testsuite hostname="LAPTOP-63CFB551" failures="0" tests="5" name="com.kpi.testcases.RegistrationPageTest" time="21.720" errors="0" timestamp="2025-03-11T00:52:02 IST" skipped="0">
  <testcase classname="com.kpi.testcases.RegistrationPageTest" name="registrationPageLanding" time="0.532"/>
  <testcase classname="com.kpi.testcases.RegistrationPageTest" name="registrationPageBacktoLogin" time="1.297"/>
  <testcase classname="com.kpi.testcases.RegistrationPageTest" name="lableRegistrationPagefield" time="1.880"/>
  <testcase classname="com.kpi.testcases.RegistrationPageTest" name="testRegistrationPage" time="10.966"/>
  <testcase classname="com.kpi.testcases.RegistrationPageTest" name="testRegistrationPage" time="7.045"/>
</testsuite> <!-- com.kpi.testcases.RegistrationPageTest -->
