<?xml version="1.0" encoding="UTF-8"?>
<!-- Generated by org.testng.reporters.JUnitReportReporter -->
<testsuite hostname="LAPTOP-63CFB551" failures="0" tests="9" name="com.kpi.testcases.RegistrationPageTest" time="17.343" errors="0" timestamp="2025-02-26T19:04:21 IST" skipped="0">
  <testcase classname="com.kpi.testcases.RegistrationPageTest" name="registrationPageLanding" time="5.630"/>
  <testcase classname="com.kpi.testcases.RegistrationPageTest" name="lableRegistrationPagefield" time="1.557"/>
  <testcase classname="com.kpi.testcases.RegistrationPageTest" name="addRegistrationWithoutData" time="1.079"/>
  <testcase classname="com.kpi.testcases.RegistrationPageTest" name="addBlankSpaceRegField" time="0.249"/>
  <testcase classname="com.kpi.testcases.RegistrationPageTest" name="SignUp" time="1.879"/>
  <testcase classname="com.kpi.testcases.RegistrationPageTest" name="SignUp" time="1.906"/>
  <testcase classname="com.kpi.testcases.RegistrationPageTest" name="SignUp" time="1.895"/>
  <testcase classname="com.kpi.testcases.RegistrationPageTest" name="SignUp" time="1.523"/>
  <testcase classname="com.kpi.testcases.RegistrationPageTest" name="SignUp" time="1.625"/>
</testsuite> <!-- com.kpi.testcases.RegistrationPageTest -->
